/*C142*/SET SCHEMA PUBLIC
DELETE FROM DATABASECHANGELOGLOCK WHERE ID=1
INSERT INTO DATABASECHANGELOGLOCK VALUES(1,TRUE,'2020-04-15 15:37:35.089000','Taha-PC (192.168.1.13)')
COMMIT
DELETE FROM DATABASECHANGELOGLOCK WHERE ID=1
INSERT INTO DATABASECHANGELOGLOCK VALUES(1,FALSE,NULL,NULL)
COMMIT
DELETE FROM ATLASSIAN_HOST WHERE CLIENT_KEY='922552f2-1519-3fcb-97b5-3879dcca70f9'
INSERT INTO ATLASSIAN_HOST VALUES('922552f2-1519-3fcb-97b5-3879dcca70f9','MIGfMA0GCSqGSIb3DQEBAQUAA4GNADCBiQKBgQCJYh36RHjR6vsd0y0fP4G7Kc8gS4aw+thQCw88zclEK0MbsYE7I0YZnMs3VtRhsFq72iZPfrW70AuwWw/eZ6VlJ/d3+sNopKmkIv6dPqiW9UDvkMWOZjesdHJmJ7yz/kSX1WwfPxFfmRuOUe29hetxIU2sXuPgjGGZa8BW6FWexwIDAQAB','SfmLX43rrlV95KK93Q0vtWmv9p2Ct6oHpd4DASaEWmtuV+7FBKdz+sSBdYj0uAeEUN8l/UH8I9LhZZyEckWLkQ','https://tahakh.atlassian.net','jira','Atlassian JIRA at https://tahakh.atlassian.net ',NULL,FALSE,NULL,'2020-04-15 15:37:55.015000',NULL,'5ad07235aa802f2a797a9c3e',NULL)
COMMIT
DISCONNECT
/*C143*/SET SCHEMA PUBLIC
DISCONNECT
/*C144*/SET SCHEMA PUBLIC
DISCONNECT
/*C145*/SET SCHEMA PUBLIC
DISCONNECT
/*C146*/SET SCHEMA PUBLIC
DISCONNECT
/*C147*/SET SCHEMA PUBLIC
DISCONNECT
/*C148*/SET SCHEMA PUBLIC
DISCONNECT
/*C149*/SET SCHEMA PUBLIC
DISCONNECT
/*C150*/SET SCHEMA PUBLIC
DISCONNECT
/*C151*/SET SCHEMA PUBLIC
DISCONNECT
/*C152*/SET SCHEMA PUBLIC
DELETE FROM DATABASECHANGELOGLOCK WHERE ID=1
INSERT INTO DATABASECHANGELOGLOCK VALUES(1,TRUE,'2020-04-15 15:38:26.073000','Taha-PC (192.168.1.13)')
COMMIT
DELETE FROM DATABASECHANGELOGLOCK WHERE ID=1
INSERT INTO DATABASECHANGELOGLOCK VALUES(1,FALSE,NULL,NULL)
COMMIT
DELETE FROM ATLASSIAN_HOST WHERE CLIENT_KEY='922552f2-1519-3fcb-97b5-3879dcca70f9'
INSERT INTO ATLASSIAN_HOST VALUES('922552f2-1519-3fcb-97b5-3879dcca70f9','MIGfMA0GCSqGSIb3DQEBAQUAA4GNADCBiQKBgQCJYh36RHjR6vsd0y0fP4G7Kc8gS4aw+thQCw88zclEK0MbsYE7I0YZnMs3VtRhsFq72iZPfrW70AuwWw/eZ6VlJ/d3+sNopKmkIv6dPqiW9UDvkMWOZjesdHJmJ7yz/kSX1WwfPxFfmRuOUe29hetxIU2sXuPgjGGZa8BW6FWexwIDAQAB','nRoNvD91xOra0BmZRus4LkEmS3g7qp+k7aXFptAhaczr0j+RV4OuaaDMpEBf9oNnHiY7wrslKdXs5fdBw9kx/Q','https://tahakh.atlassian.net','jira','Atlassian JIRA at https://tahakh.atlassian.net ',NULL,TRUE,NULL,'2020-04-15 15:38:29.780000',NULL,NULL,NULL)
COMMIT
